<?xml version="1.0" encoding="UTF-8"?>
<!-- Generated by org.testng.reporters.JUnitXMLReporter -->
<testsuite ignored="0" hostname="LAPTOP-B8G85UAF" failures="0" tests="2" name="Test-Runner-2" time="49.535" errors="0" timestamp="2023-03-31T11:53:21 IST">
  <testcase classname="vtiger.contact.test.Crt_ContactTest" name="createcontact" time="14.573"/>
  <testcase classname="vtiger.contact.test.Crt_ContactTest" name="newq" time="0.001"/>
</testsuite> <!-- Test-Runner-2 -->
