<?xml version="1.0" encoding="UTF-8"?>
<!-- Generated by org.testng.reporters.JUnitXMLReporter -->
<testsuite ignored="0" hostname="LAPTOP-B8G85UAF" failures="0" tests="1" name="Test-runneer-1" time="33.48" errors="0" timestamp="2023-03-31T11:29:26 IST">
  <testcase classname="vtiger.organaisation.test.CreatorganaisationTest" name="crtOrganaizationTest" time="14.135"/>
</testsuite> <!-- Test-runneer-1 -->
