<?xml version="1.0" encoding="UTF-8"?>
<!-- Generated by org.testng.reporters.JUnitReportReporter -->
<testsuite hostname="LAPTOP-B8G85UAF" failures="0" tests="2" name="vtiger.contact.test.Crt_ContactTest" time="27.496" errors="0" timestamp="2023-03-31T11:53:22 IST" skipped="0">
  <testcase classname="vtiger.contact.test.Crt_ContactTest" name="newq" time="4.922"/>
  <system-out/>
  <testcase classname="vtiger.contact.test.Crt_ContactTest" name="createcontact" time="22.574"/>
  <system-out/>
</testsuite> <!-- vtiger.contact.test.Crt_ContactTest -->
