<?xml version="1.0" encoding="UTF-8"?>
<!-- Generated by org.testng.reporters.JUnitReportReporter -->
<testsuite hostname="LAPTOP-B8G85UAF" failures="0" tests="1" name="practice.New_Programe" time="9.598" errors="0" timestamp="2023-03-11T12:37:56 IST" skipped="0">
  <testcase classname="practice.New_Programe" name="simple" time="9.598"/>
  <system-out/>
</testsuite> <!-- practice.New_Programe -->
