<?xml version="1.0" encoding="UTF-8"?>
<!-- Generated by org.testng.reporters.JUnitReportReporter -->
<testsuite hostname="LAPTOP-B8G85UAF" failures="0" tests="2" name="practice.TestNg_practice" time="0.010" errors="0" timestamp="2023-02-28T13:29:45 IST" skipped="0">
  <testcase classname="practice.TestNg_practice" name="sample" time="0.008"/>
  <system-out/>
  <testcase classname="practice.TestNg_practice" name="basic" time="0.002"/>
  <system-out/>
</testsuite> <!-- practice.TestNg_practice -->
