<?xml version="1.0" encoding="UTF-8"?>
<!-- Generated by org.testng.reporters.JUnitReportReporter -->
<testsuite hostname="LAPTOP-B8G85UAF" failures="0" tests="1" name="vtiger.contact.test.Crt_ContactTest" time="11.520" errors="0" timestamp="2023-03-30T11:26:00 IST" skipped="0">
  <testcase classname="vtiger.contact.test.Crt_ContactTest" name="createcontact" time="11.520"/>
  <system-out/>
</testsuite> <!-- vtiger.contact.test.Crt_ContactTest -->
