<?xml version="1.0" encoding="UTF-8"?>
<!-- Generated by org.testng.reporters.JUnitReportReporter -->
<testsuite hostname="LAPTOP-B8G85UAF" failures="0" tests="3" name="practice.Data_Provieder" time="0.007" errors="0" timestamp="2023-03-09T12:52:08 IST" skipped="0">
  <testcase classname="practice.Data_Provieder" name="data" time="0.001"/>
  <system-out/>
  <testcase classname="practice.Data_Provieder" name="data" time="0.001"/>
  <system-out/>
  <testcase classname="practice.Data_Provieder" name="data" time="0.005"/>
  <system-out/>
</testsuite> <!-- practice.Data_Provieder -->
