<?xml version="1.0" encoding="UTF-8"?>
<!-- Generated by org.testng.reporters.JUnitReportReporter -->
<testsuite hostname="LAPTOP-B8G85UAF" failures="0" tests="3" name="practice.InvocationCount_practice" time="0.012" errors="0" timestamp="2023-03-02T13:03:46 IST" skipped="0">
  <testcase classname="practice.InvocationCount_practice" name="create" time="0.009"/>
  <system-out/>
  <testcase classname="practice.InvocationCount_practice" name="delete" time="0.002"/>
  <system-out/>
  <testcase classname="practice.InvocationCount_practice" name="update" time="0.001"/>
  <system-out/>
</testsuite> <!-- practice.InvocationCount_practice -->
