<?xml version="1.0" encoding="UTF-8"?>
<!-- Generated by org.testng.reporters.JUnitReportReporter -->
<testsuite hostname="LAPTOP-B8G85UAF" failures="0" tests="1" name="practice.ReadData_in_cmdline" time="0.007" errors="0" timestamp="2023-03-20T12:47:52 IST" skipped="0">
  <testcase classname="practice.ReadData_in_cmdline" name="readdata" time="0.007"/>
  <system-out/>
</testsuite> <!-- practice.ReadData_in_cmdline -->
