<?xml version="1.0" encoding="UTF-8"?>
<!-- Generated by org.testng.reporters.JUnitReportReporter -->
<testsuite hostname="LAPTOP-B8G85UAF" failures="0" tests="1" name="vtiger.organaisation.test.CreatorganaisationTest" time="19.104" errors="0" timestamp="2023-03-29T12:05:21 IST" skipped="0">
  <testcase classname="vtiger.organaisation.test.CreatorganaisationTest" name="crtOrganaizationTest" time="19.104"/>
  <system-out/>
</testsuite> <!-- vtiger.organaisation.test.CreatorganaisationTest -->
